C51 COMPILER V9.00   LZIO                                                                  11/27/2017 19:45:05 PAGE 1   


C51 COMPILER V9.00, COMPILATION OF MODULE LZIO
OBJECT MODULE PLACED IN .\obj\lzio.obj
COMPILER INVOKED BY: C:\my program\Keil\C51\BIN\C51.EXE src\lzio.c OMF2 BROWSE DEBUG PRINT(.\lzio.lst) OBJECT(.\obj\lzio
                    -.obj)

line level    source

   1          /*
   2          ** $Id: lzio.c,v 1.31.1.1 2007/12/27 13:02:25 roberto Exp $
   3          ** a generic input stream interface
   4          ** See Copyright Notice in lua.h
   5          */
   6          
   7          
   8          #include <string.h>
   9          
  10          #define lzio_c
  11          #define LUA_CORE
  12          
  13          #include "lua.h"
  14          
  15          #include "llimits.h"
  16          #include "lmem.h"
  17          #include "lstate.h"
  18          #include "lzio.h"
  19          
  20          
  21          int luaZ_fill (ZIO *z) {
  22   1        size_t size;
  23   1        lua_State *L = z->L;
  24   1        const char *buff;
  25   1        lua_unlock(L);
*** WARNING C275 IN LINE 25 OF SRC\LZIO.C: expression with possibly no effect
  26   1        buff = z->reader(L, z->data, &size);
*** ERROR C141 IN LINE 26 OF SRC\LZIO.C: syntax error near 'data', expected '<id>'
*** ERROR C141 IN LINE 26 OF SRC\LZIO.C: syntax error near ')'
  27   1        lua_lock(L);
  28   1        if (buff == NULL || size == 0) return EOZ;
  29   1        z->n = size - 1;
  30   1        z->p = buff;
  31   1        return char2int(*(z->p++));
  32   1      }
  33          
  34          
  35          int luaZ_lookahead (ZIO *z) {
  36   1        if (z->n == 0) {
  37   2          if (luaZ_fill(z) == EOZ)
  38   2            return EOZ;
  39   2          else {
  40   3            z->n++;  /* luaZ_fill removed first byte; put back it */
  41   3            z->p--;
  42   3          }
  43   2        }
  44   1        return char2int(*z->p);
  45   1      }
  46          
  47          
  48          void luaZ_init (lua_State *L, ZIO *z, lua_Reader reader, void *data_) {
  49   1        z->L = L;
  50   1        z->reader = reader;
  51   1        z->data = data_;
C51 COMPILER V9.00   LZIO                                                                  11/27/2017 19:45:05 PAGE 2   

*** ERROR C141 IN LINE 51 OF SRC\LZIO.C: syntax error near 'data', expected '<id>'
  52   1        z->n = z->i = 0;
  53   1        z->p = NULL;
  54   1      }
  55          
  56          
  57          /* --------------------------------------------------------------- read --- */
  58          size_t luaZ_read (ZIO *z, void *b, size_t n) {
  59   1        while (n) {
  60   2          size_t m;
  61   2          if (luaZ_lookahead(z) == EOZ)
  62   2            return n;  /* return number of missing bytes */
  63   2          m = (n <= z->n) ? n : z->n;  /* min. between n and z->n */
  64   2          if (b)
  65   2            memcpy(b, z->p, m);
  66   2          z->n -= m;
  67   2          z->i += m;
  68   2          z->p += m;
  69   2          if (b)
  70   2            b = (char *)b + m;
  71   2          n -= m;
  72   2        }
  73   1        return 0;
  74   1      }
  75          
  76          /* ------------------------------------------------------------------------ */
  77          char *luaZ_openspace (lua_State *L, Mbuffer *buff, size_t n) {
  78   1        if (n > buff->buffsize) {
  79   2          if (n < LUA_MINBUFFER) n = LUA_MINBUFFER;
  80   2          luaZ_resizebuffer(L, buff, n);
  81   2        }
  82   1        return buff->buffer;
  83   1      }
  84          
  85          

C51 COMPILATION COMPLETE.  1 WARNING(S),  3 ERROR(S)
