C51 COMPILER V9.00   MAIN                                                                  11/27/2017 19:44:59 PAGE 1   


C51 COMPILER V9.00, COMPILATION OF MODULE MAIN
OBJECT MODULE PLACED IN .\obj\main.obj
COMPILER INVOKED BY: C:\my program\Keil\C51\BIN\C51.EXE src\main.c OMF2 BROWSE DEBUG PRINT(.\main.lst) OBJECT(.\obj\main
                    -.obj)

line level    source

   1          
   2          #include "luaconf.h"
   3          #include "lua.h"
   4          #include "reg52.h"
   5          
   6          void main()
   7          {
   8   1              
   9   1      }
*** WARNING C230 IN LINE 9 OF SRC\MAIN.C: 'lua_State': uses undefined struct/union tag 'lua_State'


MODULE INFORMATION:   STATIC OVERLAYABLE
   CODE SIZE        =      1    ----
   CONSTANT SIZE    =   ----    ----
   XDATA SIZE       =   ----    ----
   PDATA SIZE       =   ----    ----
   DATA SIZE        =   ----    ----
   IDATA SIZE       =   ----    ----
   BIT SIZE         =   ----    ----
   EDATA SIZE       =   ----    ----
   HDATA SIZE       =   ----    ----
   XDATA CONST SIZE =   ----    ----
   FAR CONST SIZE   =   ----    ----
END OF MODULE INFORMATION.


C51 COMPILATION COMPLETE.  1 WARNING(S),  0 ERROR(S)
