C51 COMPILER V9.00   RTX51TINY                                                             02/06/2016 21:21:30 PAGE 1   


C51 COMPILER V9.00, COMPILATION OF MODULE RTX51TINY
OBJECT MODULE PLACED IN rtx51tiny.OBJ
COMPILER INVOKED BY: D:\keil\C51\BIN\C51.EXE rtx51tiny.c OPTIMIZE(9,SIZE) REGFILE(.\rtx51tiny.ORC) BROWSE DEBUG OBJECTEX
                    -TEND

line level    source

   1          #include<config.h>
   2          #include<STC15Fxxxx.H>
   3          #include<rtx51tny.h>
   4          
   5          u8 Counter0;
   6          
   7          void startup_task (void) _task_ 0
   8          {
   9   1              os_create_task(1);    /* Create serial_io Task */
  10   1              os_create_task(2);    /* Create serial_cmds Task */
  11   1              os_create_task(3);    /* Create kbd_io Task */
  12   1              
  13   1              while(1)
  14   1              {
  15   2                      
  16   2                      P0 = Counter0++;
  17   2              }
  18   1      
  19   1      }
  20          
  21          void check_serial_io_task (void) _task_ 1
  22          {
  23   1              while(1)
  24   1              {
  25   2                      P1 = Counter0++;
  26   2              }
  27   1      
  28   1      }
  29          
  30          void process_serial_cmds_task (void) _task_ 2
  31          {
  32   1              while(1)
  33   1              {
  34   2                      P2 = Counter0++;
  35   2              }
  36   1      
  37   1      }
  38          
  39          void check_kbd_io_task (void) _task_ 3
  40          {
  41   1              while(1)
  42   1              {
  43   2                      P3 = Counter0++;
  44   2              }
  45   1      
  46   1      }
  47          
  48          
  49          


MODULE INFORMATION:   STATIC OVERLAYABLE
   CODE SIZE        =     47    ----
   CONSTANT SIZE    =   ----    ----
C51 COMPILER V9.00   RTX51TINY                                                             02/06/2016 21:21:30 PAGE 2   

   XDATA SIZE       =   ----    ----
   PDATA SIZE       =   ----    ----
   DATA SIZE        =      1    ----
   IDATA SIZE       =   ----    ----
   BIT SIZE         =   ----    ----
END OF MODULE INFORMATION.


C51 COMPILATION COMPLETE.  0 WARNING(S),  0 ERROR(S)
